Date/Time:       2022-09-28 19:09:35 
Command line:    C:\Users\tzema\AppData\Roaming\Python\Python310\site-packages\briefcase\__main__.py new

OS Release:      Windows 10
OS Version:      10.0.18363
Architecture:    AMD64
Platform:        Windows-10-10.0.18363-SP0

Python exe:      C:\Program Files\Python310\python.exe
Python version:  3.10.5 (tags/v3.10.5:f377153, Jun  6 2022, 16:14:13) [MSC v.1929 64 bit (AMD64)]
Virtual env:     False
Conda env:       False

Briefcase:       0.3.9
Target platform: all
Target format:   None

Environment Variables:
    ALLUSERSPROFILE=C:\ProgramData
    APPDATA=C:\Users\tzema\AppData\Roaming
    CHOCOLATEYINSTALL=C:\ProgramData\chocolatey
    CHOCOLATEYLASTPATHUPDATE=133022356521885653
    COMMONPROGRAMFILES=C:\Program Files\Common Files
    COMMONPROGRAMFILES(X86)=C:\Program Files (x86)\Common Files
    COMMONPROGRAMW6432=C:\Program Files\Common Files
    COMPUTERNAME=LAPTOP-T-D-613
    COMSPEC=C:\Windows\system32\cmd.exe
    DRIVERDATA=C:\Windows\System32\Drivers\DriverData
    HOMEDRIVE=C:
    HOMEPATH=\Users\tzema
    JAVA_HOME=C:\Program Files\Android\jdk\jdk-8.0.302.8-hotspot\jdk8u302-b08
    LOCALAPPDATA=C:\Users\tzema\AppData\Local
    LOGONSERVER=\\LAPTOP-T-D-613
    NUMBER_OF_PROCESSORS=8
    ONEDRIVE=C:\Users\tzema\OneDrive
    ONEDRIVECONSUMER=C:\Users\tzema\OneDrive
    OS=Windows_NT
    PATH=C:\Program Files\Python310\Scripts\;C:\Program Files\Python310\;C:\Program Files (x86)\Common Files\Oracle\Java\javapath;C:\Program Files\Microsoft\jdk-11.0.12.7-hotspot\bin;C:\Windows\system32;C:\Windows;C:\Windows\System32\Wbem;C:\Windows\System32\WindowsPowerShell\v1.0\;C:\Windows\System32\OpenSSH\;C:\Program Files\Intel\WiFi\bin\;C:\Program Files\Common Files\Intel\WirelessCommon\;C:\Program Files\dotnet\;C:\Program Files (x86)\Windows Kits\10\Windows Performance Toolkit\;C:\Program Files (x86)\IncrediBuild;C:\Program Files\Java\jdk-18.0.1.1\bin\javac;C:\Program Files\Java\jdk-18.0.1.1\bin\jar;C:\Users\tzema\Downloads\itch-plan-install\itch-plan-install\vendor\;C:\ProgramData\chocolatey\bin;C:\Users\tzema\AppData\Local\Vbsedit\x64;C:\Program Files\Microsoft SQL Server\150\Tools\Binn\;C:\Program Files\Microsoft SQL Server\Client SDK\ODBC\170\Tools\Binn\;C:\Users\tzema\AppData\Roaming\Python\Python310\Scripts;C:\Program Files\CMake\bin;C:\Program Files\Git\cmd;C:\Users\tzema\AppData\Local\Programs\Python\Python310\Scripts\;C:\Users\tzema\AppData\Local\Programs\Python\Python310\;C:\Users\tzema\AppData\Local\Microsoft\WindowsApps;C:\Users\tzema\.dotnet\tools;C:\Program Files\JetBrains\PyCharm Community Edition 2022.1\bin;;C:\Users\tzema\AppData\Local\GitHubDesktop\bin;C:\ProgramData\tzema\GitHubDesktop\bin
    PATHEXT=.COM;.EXE;.BAT;.CMD;.VBS;.VBE;.JS;.JSE;.WSF;.WSH;.MSC;.PY;.PYW
    PROCESSOR_ARCHITECTURE=AMD64
    PROCESSOR_IDENTIFIER=Intel64 Family 6 Model 142 Stepping 12, GenuineIntel
    PROCESSOR_LEVEL=6
    PROCESSOR_REVISION=8e0c
    PROGRAMDATA=C:\ProgramData
    PROGRAMFILES=C:\Program Files
    PROGRAMFILES(X86)=C:\Program Files (x86)
    PROGRAMW6432=C:\Program Files
    PROMPT=$P$G
    PSMODULEPATH=C:\Program Files\WindowsPowerShell\Modules;C:\Windows\system32\WindowsPowerShell\v1.0\Modules
    PUBLIC=C:\Users\Public
    PYCHARM COMMUNITY EDITION=C:\Program Files\JetBrains\PyCharm Community Edition 2022.1\bin;
    SESSIONNAME=Console
    SYSTEMDRIVE=C:
    SYSTEMROOT=C:\Windows
    TEMP=C:\Users\tzema\AppData\Local\Temp
    TMP=C:\Users\tzema\AppData\Local\Temp
    USERDOMAIN=LAPTOP-T-D-613
    USERDOMAIN_ROAMINGPROFILE=LAPTOP-T-D-613
    USERNAME=tzema
    USERPROFILE=C:\Users\tzema
    WINDIR=C:\Windows
    ZES_ENABLE_SYSMAN=1

Briefcase Log:
[19:06:47]                                                                                                                                                                new.py:479
           Let's build a new Briefcase app!                                                                                                                               new.py:480
                                                                                                                                                                          new.py:481
                                                                                                                                                                          new.py:275
           First, we need a formal name for your application. This is the name that will                                                                                            
           be displayed to humans whenever the name of the application is displayed. It                                                                                             
           can have spaces and punctuation if you like, and any capitalization will be                                                                                              
           used as you type it.                                                                                                                                                     
                                                                                                                                                                          new.py:278
[19:06:58] Formal Name [Hello World]:                                                                                                                                     new.py:337
           >>> User input: 1-2-3 sound effects                                                                                                                            new.py:337
                                                                                                                                                                          new.py:275
           Next, we need a name that can serve as a machine-readable Python package name                                                                                            
           for your application. This name must be PEP508-compliant - that means the name                                                                                           
           may only contain letters, numbers, hyphens and underscores; it can't contain                                                                                             
           spaces or punctuation, and it can't start with a hyphen or underscore.                                                                                                   
                                                                                                                                                                                    
           Based on your formal name, we suggest an app name of '123soundeffects',                                                                                                  
           but you can use another name if you want.                                                                                                                                
                                                                                                                                                                          new.py:278
[19:07:23] App Name [123soundeffects]:                                                                                                                                    new.py:351
           >>> User input: onetwothreesoundeffects                                                                                                                        new.py:351
                                                                                                                                                                          new.py:275
           Now we need a bundle identifier for your application. App stores need to                                                                                                 
           protect against having multiple applications with the same name; the bundle                                                                                              
           identifier is the namespace they use to identify applications that come from                                                                                             
           you. The bundle identifier is usually the domain name of your company or                                                                                                 
           project, in reverse order.                                                                                                                                               
                                                                                                                                                                                    
           For example, if you are writing an application for Example Corp, whose website                                                                                           
           is example.com, your bundle would be ``com.example``. The bundle will be                                                                                                 
           combined with your application's machine readable name to form a complete                                                                                                
           application identifier (e.g., com.example.onetwothreesoundeffects).                                                                                                      
                                                                                                                                                                          new.py:278
[19:07:32] Bundle Identifier [com.example]:                                                                                                                               new.py:368
           >>> User input:                                                                                                                                                new.py:368
                                                                                                                                                                          new.py:275
           Briefcase can manage projects that contain multiple applications, so we need a                                                                                           
           Project name. If you're only planning to have one application in this                                                                                                    
           project, you can use the formal name as the project name.                                                                                                                
                                                                                                                                                                          new.py:278
[19:07:34] Project Name [1-2-3 sound effects]:                                                                                                                            new.py:385
           >>> User input:                                                                                                                                                new.py:385
                                                                                                                                                                          new.py:275
           Now, we need a one line description for your application.                                                                                                                
                                                                                                                                                                          new.py:278
[19:09:08] Description [My first application]:                                                                                                                            new.py:394
           >>> User input: an application with sound effects                                                                                                              new.py:394
                                                                                                                                                                          new.py:275
           Who do you want to be credited as the author of this application? This could be                                                                                          
           your own name, or the name of your company you work for.                                                                                                                 
                                                                                                                                                                          new.py:278
[19:09:13] Author [Jane Developer]:                                                                                                                                       new.py:401
           >>> User input: coolcoder613                                                                                                                                   new.py:401
                                                                                                                                                                          new.py:275
           What email address should people use to contact the developers of this                                                                                                   
           application? This might be your own email address, or a generic contact address                                                                                          
           you set up specifically for this application.                                                                                                                            
                                                                                                                                                                          new.py:278
[19:09:20] Author's Email [coolcoder613@example.com]:                                                                                                                     new.py:409
           >>> User input: coolcoder613@outlook.com                                                                                                                       new.py:409
                                                                                                                                                                          new.py:275
           What is the website URL for this application? If you don't have a website set                                                                                            
           up yet, you can put in a dummy URL.                                                                                                                                      
                                                                                                                                                                          new.py:278
[19:09:27] Application URL [https://example.com/onetwothreesoundeffects]:                                                                                                 new.py:419
           >>> User input: https://coolcoder613.glitch.me/download                                                                                                        new.py:419
                                                                                                                                                                          new.py:308
           What license do you want to use for this project's code?                                                                                                                 
[19:09:30]                                                                                                                                                                new.py:323
           Select one of the following:                                                                                                                                             
                                                                                                                                                                                    
               [1] BSD license                                                                                                                                                      
               [2] MIT license                                                                                                                                                      
               [3] Apache Software License                                                                                                                                          
               [4] GNU General Public License v2 (GPLv2)                                                                                                                            
               [5] GNU General Public License v2 or later (GPLv2+)                                                                                                                  
               [6] GNU General Public License v3 (GPLv3)                                                                                                                            
               [7] GNU General Public License v3 or later (GPLv3+)                                                                                                                  
               [8] Proprietary                                                                                                                                                      
               [9] Other                                                                                                                                                            
                                                                                                                                                                                    
           Project License [1]:                                                                                                                                                     
           >>> User input: 2                                                                                                                                              new.py:323
                                                                                                                                                                          new.py:308
           What GUI toolkit do you want to use for this project?                                                                                                                    
[19:09:32]                                                                                                                                                                new.py:323
           Select one of the following:                                                                                                                                             
                                                                                                                                                                                    
               [1] Toga                                                                                                                                                             
               [2] PySide2 (does not support iOS/Android deployment)                                                                                                                
               [3] PySide6 (does not support iOS/Android deployment)                                                                                                                
               [4] PursuedPyBear (does not support iOS/Android deployment)                                                                                                          
               [5] None                                                                                                                                                             
                                                                                                                                                                                    
           GUI Framework [1]:                                                                                                                                                       
           >>> User input: 1                                                                                                                                              new.py:323
                                                                                                                                                                          new.py:485
           Generating a new application '1-2-3 sound effects'                                                                                                             new.py:486
[19:09:35]                                                                                                                                                            __main__.py:22
           Unable to clone template repository; is your computer offline?                                                                                             __main__.py:23

┌─────────────────────────────────────────────────────────────────────── Traceback (most recent call last) ────────────────────────────────────────────────────────────────────────┐
│ C:\Users\tzema\AppData\Roaming\Python\Python310\site-packages\briefcase\commands\new.py:500 in new_app                                                                           │
│                                                                                                                                                                                  │
│   497 │   │                                                                                                                                                                      │
│   498 │   │   try:                                                                                                                                                               │
│   499 │   │   │   # Unroll the new app template                                                                                                                                  │
│ > 500 │   │   │   self.cookiecutter(                                                                                                                                             │
│   501 │   │   │   │   str(cached_template),                                                                                                                                      │
│   502 │   │   │   │   no_input=True,                                                                                                                                             │
│   503 │   │   │   │   output_dir=os.fsdecode(self.base_path),                                                                                                                    │
│                                                                                                                                                                                  │
│ ┌────────────────────────────────────── locals ──────────────────────────────────────┐                                                                                           │
│ │ cached_template = 'http://github.com/beeware/briefcase-template'                   │                                                                                           │
│ │         context = {                                                                │                                                                                           │
│ │                   │   'formal_name': '1-2-3 sound effects',                        │                                                                                           │
│ │                   │   'app_name': 'onetwothreesoundeffects',                       │                                                                                           │
│ │                   │   'class_name': '_123soundeffects',                            │                                                                                           │
│ │                   │   'module_name': 'onetwothreesoundeffects',                    │                                                                                           │
│ │                   │   'project_name': '1-2-3 sound effects',                       │                                                                                           │
│ │                   │   'description': 'an application with sound effects',          │                                                                                           │
│ │                   │   'author': 'coolcoder613',                                    │                                                                                           │
│ │                   │   'author_email': 'coolcoder613@outlook.com',                  │                                                                                           │
│ │                   │   'bundle': 'com.example',                                     │                                                                                           │
│ │                   │   'url': 'https://coolcoder613.glitch.me/download',            │                                                                                           │
│ │                   │   ... +2                                                       │                                                                                           │
│ │                   }                                                                │                                                                                           │
│ │         options = {}                                                               │                                                                                           │
│ │            self = <briefcase.commands.new.NewCommand object at 0x000001CF780443A0> │                                                                                           │
│ │        template = 'http://github.com/beeware/briefcase-template'                   │                                                                                           │
│ └────────────────────────────────────────────────────────────────────────────────────┘                                                                                           │
│                                                                                                                                                                                  │
│ C:\Users\tzema\AppData\Roaming\Python\Python310\site-packages\cookiecutter\main.py:69 in cookiecutter                                                                            │
│                                                                                                                                                                                  │
│    66 │   │   default_config=default_config,                                                                                                                                     │
│    67 │   )                                                                                                                                                                      │
│    68 │                                                                                                                                                                          │
│ >  69 │   repo_dir, cleanup = determine_repo_dir(                                                                                                                                │
│    70 │   │   template=template,                                                                                                                                                 │
│    71 │   │   abbreviations=config_dict['abbreviations'],                                                                                                                        │
│    72 │   │   clone_to_dir=config_dict['cookiecutters_dir'],                                                                                                                     │
│                                                                                                                                                                                  │
│ ┌──────────────────────────────────────────────────────────────────────── locals ────────────────────────────────────────────────────────────────────────┐                       │
│ │        accept_hooks = True                                                                                                                             │                       │
│ │            checkout = 'v0.3'                                                                                                                           │                       │
│ │         config_dict = {                                                                                                                                │                       │
│ │                       │   'cookiecutters_dir': 'C:\\Users\\tzema/.cookiecutters/',                                                                     │                       │
│ │                       │   'replay_dir': 'C:\\Users\\tzema/.cookiecutter_replay/',                                                                      │                       │
│ │                       │   'default_context': OrderedDict(),                                                                                            │                       │
│ │                       │   'abbreviations': {                                                                                                           │                       │
│ │                       │   │   'gh': 'https://github.com/{0}.git',                                                                                      │                       │
│ │                       │   │   'gl': 'https://gitlab.com/{0}.git',                                                                                      │                       │
│ │                       │   │   'bb': 'https://bitbucket.org/{0}'                                                                                        │                       │
│ │                       │   }                                                                                                                            │                       │
│ │                       }                                                                                                                                │                       │
│ │         config_file = None                                                                                                                             │                       │
│ │      default_config = False                                                                                                                            │                       │
│ │           directory = None                                                                                                                             │                       │
│ │       extra_context = {                                                                                                                                │                       │
│ │                       │   'formal_name': '1-2-3 sound effects',                                                                                        │                       │
│ │                       │   'app_name': 'onetwothreesoundeffects',                                                                                       │                       │
│ │                       │   'class_name': '_123soundeffects',                                                                                            │                       │
│ │                       │   'module_name': 'onetwothreesoundeffects',                                                                                    │                       │
│ │                       │   'project_name': '1-2-3 sound effects',                                                                                       │                       │
│ │                       │   'description': 'an application with sound effects',                                                                          │                       │
│ │                       │   'author': 'coolcoder613',                                                                                                    │                       │
│ │                       │   'author_email': 'coolcoder613@outlook.com',                                                                                  │                       │
│ │                       │   'bundle': 'com.example',                                                                                                     │                       │
│ │                       │   'url': 'https://coolcoder613.glitch.me/download',                                                                            │                       │
│ │                       │   ... +2                                                                                                                       │                       │
│ │                       }                                                                                                                                │                       │
│ │            no_input = True                                                                                                                             │                       │
│ │          output_dir = 'C:\\Users\\tzema\\Documents\\GitHub\\1-2-3-sound-effects'                                                                       │                       │
│ │ overwrite_if_exists = False                                                                                                                            │                       │
│ │            password = None                                                                                                                             │                       │
│ │              replay = None                                                                                                                             │                       │
│ │ skip_if_file_exists = False                                                                                                                            │                       │
│ │            template = 'http://github.com/beeware/briefcase-template'                                                                                   │                       │
│ └────────────────────────────────────────────────────────────────────────────────────────────────────────────────────────────────────────────────────────┘                       │
│                                                                                                                                                                                  │
│ C:\Users\tzema\AppData\Roaming\Python\Python310\site-packages\cookiecutter\repository.py:106 in determine_repo_dir                                                               │
│                                                                                                                                                                                  │
│   103 │   │   repository_candidates = [unzipped_dir]                                                                                                                             │
│   104 │   │   cleanup = True                                                                                                                                                     │
│   105 │   elif is_repo_url(template):                                                                                                                                            │
│ > 106 │   │   cloned_repo = clone(                                                                                                                                               │
│   107 │   │   │   repo_url=template,                                                                                                                                             │
│   108 │   │   │   checkout=checkout,                                                                                                                                             │
│   109 │   │   │   clone_to_dir=clone_to_dir,                                                                                                                                     │
│                                                                                                                                                                                  │
│ ┌────────────────────────────────────────────────────────── locals ───────────────────────────────────────────────────────────┐                                                  │
│ │ abbreviations = {'gh': 'https://github.com/{0}.git', 'gl': 'https://gitlab.com/{0}.git', 'bb': 'https://bitbucket.org/{0}'} │                                                  │
│ │      checkout = 'v0.3'                                                                                                      │                                                  │
│ │  clone_to_dir = 'C:\\Users\\tzema/.cookiecutters/'                                                                          │                                                  │
│ │     directory = None                                                                                                        │                                                  │
│ │      no_input = True                                                                                                        │                                                  │
│ │      password = None                                                                                                        │                                                  │
│ │      template = 'http://github.com/beeware/briefcase-template'                                                              │                                                  │
│ └─────────────────────────────────────────────────────────────────────────────────────────────────────────────────────────────┘                                                  │
│                                                                                                                                                                                  │
│ C:\Users\tzema\AppData\Roaming\Python\Python310\site-packages\cookiecutter\vcs.py:95 in clone                                                                                    │
│                                                                                                                                                                                  │
│    92 │                                                                                                                                                                          │
│    93 │   if clone:                                                                                                                                                              │
│    94 │   │   try:                                                                                                                                                               │
│ >  95 │   │   │   subprocess.check_output(  # nosec                                                                                                                              │
│    96 │   │   │   │   [repo_type, 'clone', repo_url],                                                                                                                            │
│    97 │   │   │   │   cwd=clone_to_dir,                                                                                                                                          │
│    98 │   │   │   │   stderr=subprocess.STDOUT,                                                                                                                                  │
│                                                                                                                                                                                  │
│ ┌─────────────────────────────────────────────── locals ────────────────────────────────────────────────┐                                                                        │
│ │     checkout = 'v0.3'                                                                                 │                                                                        │
│ │        clone = True                                                                                   │                                                                        │
│ │ clone_to_dir = 'C:\\Users\\tzema/.cookiecutters/'                                                     │                                                                        │
│ │     no_input = True                                                                                   │                                                                        │
│ │       output = "Cloning into 'briefcase-template'...\nfatal: unable to access 'http://github.com/"+94 │                                                                        │
│ │     repo_dir = 'C:\\Users\\tzema\\.cookiecutters\\briefcase-template'                                 │                                                                        │
│ │    repo_name = 'briefcase-template'                                                                   │                                                                        │
│ │    repo_type = 'git'                                                                                  │                                                                        │
│ │     repo_url = 'http://github.com/beeware/briefcase-template'                                         │                                                                        │
│ └───────────────────────────────────────────────────────────────────────────────────────────────────────┘                                                                        │
│                                                                                                                                                                                  │
│ C:\Program Files\Python310\lib\subprocess.py:420 in check_output                                                                                                                 │
│                                                                                                                                                                                  │
│    417 │   │   │   empty = b''                                                                                                                                                   │
│    418 │   │   kwargs['input'] = empty                                                                                                                                           │
│    419 │                                                                                                                                                                         │
│ >  420 │   return run(*popenargs, stdout=PIPE, timeout=timeout, check=True,                                                                                                      │
│    421 │   │   │      **kwargs).stdout                                                                                                                                           │
│    422                                                                                                                                                                           │
│    423                                                                                                                                                                           │
│                                                                                                                                                                                  │
│ ┌──────────────────────────────────── locals ─────────────────────────────────────┐                                                                                              │
│ │    kwargs = {'cwd': 'C:\\Users\\tzema/.cookiecutters/', 'stderr': -2}           │                                                                                              │
│ │ popenargs = (['git', 'clone', 'http://github.com/beeware/briefcase-template'],) │                                                                                              │
│ │   timeout = None                                                                │                                                                                              │
│ └─────────────────────────────────────────────────────────────────────────────────┘                                                                                              │
│                                                                                                                                                                                  │
│ C:\Program Files\Python310\lib\subprocess.py:524 in run                                                                                                                          │
│                                                                                                                                                                                  │
│    521 │   │   │   raise                                                                                                                                                         │
│    522 │   │   retcode = process.poll()                                                                                                                                          │
│    523 │   │   if check and retcode:                                                                                                                                             │
│ >  524 │   │   │   raise CalledProcessError(retcode, process.args,                                                                                                               │
│    525 │   │   │   │   │   │   │   │   │    output=stdout, stderr=stderr)                                                                                                        │
│    526 │   return CompletedProcess(process.args, retcode, stdout, stderr)                                                                                                        │
│    527                                                                                                                                                                           │
│                                                                                                                                                                                  │
│ ┌───────────────────────────────────────────────── locals ─────────────────────────────────────────────────┐                                                                     │
│ │ capture_output = False                                                                                   │                                                                     │
│ │          check = True                                                                                    │                                                                     │
│ │          input = None                                                                                    │                                                                     │
│ │         kwargs = {'stdout': -1, 'cwd': 'C:\\Users\\tzema/.cookiecutters/', 'stderr': -2}                 │                                                                     │
│ │      popenargs = (['git', 'clone', 'http://github.com/beeware/briefcase-template'],)                     │                                                                     │
│ │        process = <Popen: returncode: 128 args: ['git', 'clone', 'http://github.com/beeware/br...>        │                                                                     │
│ │        retcode = 128                                                                                     │                                                                     │
│ │         stderr = None                                                                                    │                                                                     │
│ │         stdout = b"Cloning into 'briefcase-template'...\nfatal: unable to access 'http://github.com/"+94 │                                                                     │
│ │        timeout = None                                                                                    │                                                                     │
│ └──────────────────────────────────────────────────────────────────────────────────────────────────────────┘                                                                     │
└──────────────────────────────────────────────────────────────────────────────────────────────────────────────────────────────────────────────────────────────────────────────────┘
CalledProcessError: Command '['git', 'clone', 'http://github.com/beeware/briefcase-template']' returned non-zero exit status 128.

The above exception was the direct cause of the following exception:

┌─────────────────────────────────────────────────────────────────────── Traceback (most recent call last) ────────────────────────────────────────────────────────────────────────┐
│ C:\Users\tzema\AppData\Roaming\Python\Python310\site-packages\briefcase\__main__.py:15 in main                                                                                   │
│                                                                                                                                                                                  │
│   12 │   │   command, options = parse_cmdline(sys.argv[1:])                                  ┌────────────────────────────────── locals ──────────────────────────────────┐      │
│   13 │   │   command.check_obsolete_data_dir()                                               │ command = <briefcase.commands.new.NewCommand object at 0x000001CF780443A0> │      │
│   14 │   │   command.parse_config("pyproject.toml")                                          │       e = NetworkFailure('clone template repository')                      │      │
│ > 15 │   │   command(**options)                                                              │     log = <briefcase.console.Log object at 0x000001CF7582C9A0>             │      │
│   16 │   │   result = 0                                                                      │ options = {'template': None}                                               │      │
│   17 │   except HelpText as e:                                                               │  result = 200                                                              │      │
│   18 │   │   log.info()                                                                      └────────────────────────────────────────────────────────────────────────────┘      │
│                                                                                                                                                                                  │
│ C:\Users\tzema\AppData\Roaming\Python\Python310\site-packages\briefcase\commands\new.py:537 in __call__                                                                          │
│                                                                                                                                                                                  │
│   534 │   │   # Confirm all required tools are available                                      ┌────────────────────────────────── locals ───────────────────────────────────┐    │
│   535 │   │   self.verify_tools()                                                             │  options = {}                                                               │    │
│   536 │   │                                                                                   │     self = <briefcase.commands.new.NewCommand object at 0x000001CF780443A0> │    │
│ > 537 │   │   return self.new_app(template=template, **options)                               │ template = None                                                             │    │
│   538                                                                                         └─────────────────────────────────────────────────────────────────────────────┘    │
│                                                                                                                                                                                  │
│ C:\Users\tzema\AppData\Roaming\Python\Python310\site-packages\briefcase\commands\new.py:510 in new_app                                                                           │
│                                                                                                                                                                                  │
│   507 │   │   except subprocess.CalledProcessError as e:                                                                                                                         │
│   508 │   │   │   # Computer is offline                                                                                                                                          │
│   509 │   │   │   # status code == 128 - certificate validation error.                                                                                                           │
│ > 510 │   │   │   raise NetworkFailure("clone template repository") from e                                                                                                       │
│   511 │   │   except cookiecutter_exceptions.RepositoryNotFound as e:                                                                                                            │
│   512 │   │   │   # Either the template path is invalid,                                                                                                                         │
│   513 │   │   │   # or it isn't a cookiecutter template (i.e., no cookiecutter.json)                                                                                             │
│                                                                                                                                                                                  │
│ ┌────────────────────────────────────── locals ──────────────────────────────────────┐                                                                                           │
│ │ cached_template = 'http://github.com/beeware/briefcase-template'                   │                                                                                           │
│ │         context = {                                                                │                                                                                           │
│ │                   │   'formal_name': '1-2-3 sound effects',                        │                                                                                           │
│ │                   │   'app_name': 'onetwothreesoundeffects',                       │                                                                                           │
│ │                   │   'class_name': '_123soundeffects',                            │                                                                                           │
│ │                   │   'module_name': 'onetwothreesoundeffects',                    │                                                                                           │
│ │                   │   'project_name': '1-2-3 sound effects',                       │                                                                                           │
│ │                   │   'description': 'an application with sound effects',          │                                                                                           │
│ │                   │   'author': 'coolcoder613',                                    │                                                                                           │
│ │                   │   'author_email': 'coolcoder613@outlook.com',                  │                                                                                           │
│ │                   │   'bundle': 'com.example',                                     │                                                                                           │
│ │                   │   'url': 'https://coolcoder613.glitch.me/download',            │                                                                                           │
│ │                   │   ... +2                                                       │                                                                                           │
│ │                   }                                                                │                                                                                           │
│ │         options = {}                                                               │                                                                                           │
│ │            self = <briefcase.commands.new.NewCommand object at 0x000001CF780443A0> │                                                                                           │
│ │        template = 'http://github.com/beeware/briefcase-template'                   │                                                                                           │
│ └────────────────────────────────────────────────────────────────────────────────────┘                                                                                           │
└──────────────────────────────────────────────────────────────────────────────────────────────────────────────────────────────────────────────────────────────────────────────────┘
NetworkFailure: Unable to clone template repository; is your computer offline?
