Date/Time:       2022-09-29 08:37:43 
Command line:    C:\Users\tzema\AppData\Roaming\Python\Python310\Scripts\briefcase build

OS Release:      Windows 10
OS Version:      10.0.18363
Architecture:    AMD64
Platform:        Windows-10-10.0.18363-SP0

Python exe:      C:\Program Files\Python310\python.exe
Python version:  3.10.5 (tags/v3.10.5:f377153, Jun  6 2022, 16:14:13) [MSC v.1929 64 bit (AMD64)]
Virtual env:     False
Conda env:       False

Briefcase:       0.3.9
Target platform: windows
Target format:   app

Environment Variables:
    ALLUSERSPROFILE=C:\ProgramData
    APPDATA=C:\Users\tzema\AppData\Roaming
    CHOCOLATEYINSTALL=C:\ProgramData\chocolatey
    CHOCOLATEYLASTPATHUPDATE=133022356521885653
    COMMONPROGRAMFILES=C:\Program Files\Common Files
    COMMONPROGRAMFILES(X86)=C:\Program Files (x86)\Common Files
    COMMONPROGRAMW6432=C:\Program Files\Common Files
    COMPUTERNAME=LAPTOP-T-D-613
    COMSPEC=C:\Windows\system32\cmd.exe
    DRIVERDATA=C:\Windows\System32\Drivers\DriverData
    HOMEDRIVE=C:
    HOMEPATH=\Users\tzema
    JAVA_HOME=C:\Program Files\Android\jdk\jdk-8.0.302.8-hotspot\jdk8u302-b08
    LOCALAPPDATA=C:\Users\tzema\AppData\Local
    LOGONSERVER=\\LAPTOP-T-D-613
    NUMBER_OF_PROCESSORS=8
    ONEDRIVE=C:\Users\tzema\OneDrive
    ONEDRIVECONSUMER=C:\Users\tzema\OneDrive
    OS=Windows_NT
    PATH=C:\Program Files\Python310\Scripts\;C:\Program Files\Python310\;C:\Program Files (x86)\Common Files\Oracle\Java\javapath;C:\Program Files\Microsoft\jdk-11.0.12.7-hotspot\bin;C:\Windows\system32;C:\Windows;C:\Windows\System32\Wbem;C:\Windows\System32\WindowsPowerShell\v1.0\;C:\Windows\System32\OpenSSH\;C:\Program Files\Intel\WiFi\bin\;C:\Program Files\Common Files\Intel\WirelessCommon\;C:\Program Files\dotnet\;C:\Program Files (x86)\Windows Kits\10\Windows Performance Toolkit\;C:\Program Files (x86)\IncrediBuild;C:\Program Files\Java\jdk-18.0.1.1\bin\javac;C:\Program Files\Java\jdk-18.0.1.1\bin\jar;C:\Users\tzema\Downloads\itch-plan-install\itch-plan-install\vendor\;C:\ProgramData\chocolatey\bin;C:\Users\tzema\AppData\Local\Vbsedit\x64;C:\Program Files\Microsoft SQL Server\150\Tools\Binn\;C:\Program Files\Microsoft SQL Server\Client SDK\ODBC\170\Tools\Binn\;C:\Users\tzema\AppData\Roaming\Python\Python310\Scripts;C:\Program Files\CMake\bin;C:\Program Files\Git\cmd;C:\Users\tzema\AppData\Local\Programs\Python\Python310\Scripts\;C:\Users\tzema\AppData\Local\Programs\Python\Python310\;C:\Users\tzema\AppData\Local\Microsoft\WindowsApps;C:\Users\tzema\.dotnet\tools;C:\Program Files\JetBrains\PyCharm Community Edition 2022.1\bin;;C:\Users\tzema\AppData\Local\GitHubDesktop\bin;C:\ProgramData\tzema\GitHubDesktop\bin
    PATHEXT=.COM;.EXE;.BAT;.CMD;.VBS;.VBE;.JS;.JSE;.WSF;.WSH;.MSC;.PY;.PYW
    PROCESSOR_ARCHITECTURE=AMD64
    PROCESSOR_IDENTIFIER=Intel64 Family 6 Model 142 Stepping 12, GenuineIntel
    PROCESSOR_LEVEL=6
    PROCESSOR_REVISION=8e0c
    PROGRAMDATA=C:\ProgramData
    PROGRAMFILES=C:\Program Files
    PROGRAMFILES(X86)=C:\Program Files (x86)
    PROGRAMW6432=C:\Program Files
    PROMPT=$P$G
    PSMODULEPATH=C:\Program Files\WindowsPowerShell\Modules;C:\Windows\system32\WindowsPowerShell\v1.0\Modules
    PUBLIC=C:\Users\Public
    PYCHARM COMMUNITY EDITION=C:\Program Files\JetBrains\PyCharm Community Edition 2022.1\bin;
    SESSIONNAME=Console
    SYSTEMDRIVE=C:
    SYSTEMROOT=C:\Windows
    TEMP=C:\Users\tzema\AppData\Local\Temp
    TMP=C:\Users\tzema\AppData\Local\Temp
    USERDOMAIN=LAPTOP-T-D-613
    USERDOMAIN_ROAMINGPROFILE=LAPTOP-T-D-613
    USERNAME=tzema
    USERPROFILE=C:\Users\tzema
    WINDIR=C:\Windows
    ZES_ENABLE_SYSMAN=1

Briefcase Log:
[08:37:42]                                                                                                                                                                 app.py:41
           [onetwothreesoundeffects] Building App...                                                                                                                       app.py:41
                                                                                                                                                                   subprocess.py:442
           >>> Running Command:                                                                                                                                    subprocess.py:443
           >>>     'C:\Users\tzema\AppData\Local\BeeWare\briefcase\Cache\tools\rcedit-x64.exe' 'src\1-2-3 sound effects.exe' --set-version-string CompanyName      subprocess.py:444
           coolcoder613 --set-version-string FileDescription '1-2-3 sound effects' --set-version-string FileVersion 0.0.1 --set-version-string InternalName                         
           onetwothreesoundeffects --set-version-string OriginalFilename '1-2-3 sound effects.exe' --set-version-string ProductName '1-2-3 sound effects'                           
           --set-version-string ProductVersion 0.0.1 --set-icon icon.ico                                                                                                            
           >>> Working Directory:                                                                                                                                  subprocess.py:451
           >>>     C:\Users\tzema\Documents\GitHub\1-2-3-sound-effects\onetwothreesoundeffects\windows\app\1-2-3 sound effects                                     subprocess.py:452
           Unable to load file: "src\1-2-3 sound effects.exe"                                                                                                      subprocess.py:421
[08:37:43] >>> Return code: 1                                                                                                                                      subprocess.py:479
           Setting stub app details...                                                                                                                                     app.py:43
                                                                                                                                                                      __main__.py:22
           Unable to update details on stub app for onetwothreesoundeffects.                                                                                          __main__.py:23

┌─────────────────────────────────────────────────────────────────────── Traceback (most recent call last) ────────────────────────────────────────────────────────────────────────┐
│ C:\Users\tzema\AppData\Roaming\Python\Python310\site-packages\briefcase\platforms\windows\app.py:45 in build_app                                                                 │
│                                                                                                                                                                                  │
│    42 │   │                                                                                                                                                                      │
│    43 │   │   with self.input.wait_bar("Setting stub app details..."):                                                                                                           │
│    44 │   │   │   try:                                                                                                                                                           │
│ >  45 │   │   │   │   self.subprocess.run(                                                                                                                                       │
│    46 │   │   │   │   │   [                                                                                                                                                      │
│    47 │   │   │   │   │   │   self.rcedit.rcedit_path,                                                                                                                           │
│    48 │   │   │   │   │   │   self.binary_path(app).relative_to(self.bundle_path(app)),                                                                                          │
│                                                                                                                                                                                  │
│ ┌──────────────────────────────────────────── locals ────────────────────────────────────────────┐                                                                               │
│ │    app = <com.example.onetwothreesoundeffects v0.0.1 AppConfig>                                │                                                                               │
│ │ kwargs = {}                                                                                    │                                                                               │
│ │   self = <briefcase.platforms.windows.app.WindowsAppBuildCommand object at 0x000002F3E1DEFBE0> │                                                                               │
│ └────────────────────────────────────────────────────────────────────────────────────────────────┘                                                                               │
│                                                                                                                                                                                  │
│ C:\Users\tzema\AppData\Roaming\Python\Python310\site-packages\briefcase\integrations\subprocess.py:217 in run                                                                    │
│                                                                                                                                                                                  │
│   214 │   │   if stream_output or (                                                                                                                                              │
│   215 │   │   │   self.command.input.is_output_controlled and not is_output_redirected                                                                                           │
│   216 │   │   ):                                                                                                                                                                 │
│ > 217 │   │   │   return self._run_and_stream_output(args, **kwargs)                                                                                                             │
│   218 │   │                                                                                                                                                                      │
│   219 │   │   # Otherwise, invoke run() normally.                                                                                                                                │
│   220 │   │   self._log_command(args)                                                                                                                                            │
│                                                                                                                                                                                  │
│ ┌───────────────────────────────────────────────────────────────────────────────── locals ──────────────────────────────────────────────────────────────────────────────────┐    │
│ │                 args = [                                                                                                                                                  │    │
│ │                        │   WindowsPath('C:/Users/tzema/AppData/Local/BeeWare/briefcase/Cache/tools/rcedit-x64.exe'),                                                      │    │
│ │                        │   WindowsPath('src/1-2-3 sound effects.exe'),                                                                                                    │    │
│ │                        │   '--set-version-string',                                                                                                                        │    │
│ │                        │   'CompanyName',                                                                                                                                 │    │
│ │                        │   'coolcoder613',                                                                                                                                │    │
│ │                        │   '--set-version-string',                                                                                                                        │    │
│ │                        │   'FileDescription',                                                                                                                             │    │
│ │                        │   '1-2-3 sound effects',                                                                                                                         │    │
│ │                        │   '--set-version-string',                                                                                                                        │    │
│ │                        │   'FileVersion',                                                                                                                                 │    │
│ │                        │   ... +15                                                                                                                                        │    │
│ │                        ]                                                                                                                                                  │    │
│ │ is_output_redirected = None                                                                                                                                               │    │
│ │               kwargs = {'check': True, 'cwd': WindowsPath('C:/Users/tzema/Documents/GitHub/1-2-3-sound-effects/onetwothreesoundeffects/windows/app/1-2-3 sound effects')} │    │
│ │                 self = <briefcase.integrations.subprocess.Subprocess object at 0x000002F3E1ECB6D0>                                                                        │    │
│ │        stream_output = False                                                                                                                                              │    │
│ └───────────────────────────────────────────────────────────────────────────────────────────────────────────────────────────────────────────────────────────────────────────┘    │
│                                                                                                                                                                                  │
│ C:\Users\tzema\AppData\Roaming\Python\Python310\site-packages\briefcase\integrations\subprocess.py:283 in _run_and_stream_output                                                 │
│                                                                                                                                                                                  │
│   280 │   │   self._log_return_code(return_code)                                                                                                                                 │
│   281 │   │                                                                                                                                                                      │
│   282 │   │   if check and return_code:                                                                                                                                          │
│ > 283 │   │   │   raise subprocess.CalledProcessError(return_code, args, stderr=stderr)                                                                                          │
│   284 │   │                                                                                                                                                                      │
│   285 │   │   return subprocess.CompletedProcess(args, return_code, stderr=stderr)                                                                                               │
│   286                                                                                                                                                                            │
│                                                                                                                                                                                  │
│ ┌─────────────────────────────────────────────────────────────────────── locals ───────────────────────────────────────────────────────────────────────┐                         │
│ │        args = [                                                                                                                                      │                         │
│ │               │   WindowsPath('C:/Users/tzema/AppData/Local/BeeWare/briefcase/Cache/tools/rcedit-x64.exe'),                                          │                         │
│ │               │   WindowsPath('src/1-2-3 sound effects.exe'),                                                                                        │                         │
│ │               │   '--set-version-string',                                                                                                            │                         │
│ │               │   'CompanyName',                                                                                                                     │                         │
│ │               │   'coolcoder613',                                                                                                                    │                         │
│ │               │   '--set-version-string',                                                                                                            │                         │
│ │               │   'FileDescription',                                                                                                                 │                         │
│ │               │   '1-2-3 sound effects',                                                                                                             │                         │
│ │               │   '--set-version-string',                                                                                                            │                         │
│ │               │   'FileVersion',                                                                                                                     │                         │
│ │               │   ... +15                                                                                                                            │                         │
│ │               ]                                                                                                                                      │                         │
│ │       check = True                                                                                                                                   │                         │
│ │      kwargs = {                                                                                                                                      │                         │
│ │               │   'cwd': WindowsPath('C:/Users/tzema/Documents/GitHub/1-2-3-sound-effects/onetwothreesoundeffects/windows/app/1-2-3 sound effects'), │                         │
│ │               │   'stdout': -1,                                                                                                                      │                         │
│ │               │   'stderr': -2,                                                                                                                      │                         │
│ │               │   'bufsize': 1                                                                                                                       │                         │
│ │               }                                                                                                                                      │                         │
│ │     process = <Popen: returncode: 1 args: ['C:\\Users\\tzema\\AppData\\Local\\BeeWare\\bri...>                                                       │                         │
│ │ return_code = 1                                                                                                                                      │                         │
│ │        self = <briefcase.integrations.subprocess.Subprocess object at 0x000002F3E1ECB6D0>                                                            │                         │
│ │      stderr = None                                                                                                                                   │                         │
│ └──────────────────────────────────────────────────────────────────────────────────────────────────────────────────────────────────────────────────────┘                         │
└──────────────────────────────────────────────────────────────────────────────────────────────────────────────────────────────────────────────────────────────────────────────────┘
CalledProcessError: Command '[WindowsPath('C:/Users/tzema/AppData/Local/BeeWare/briefcase/Cache/tools/rcedit-x64.exe'), WindowsPath('src/1-2-3 sound effects.exe'), '--set-version-string', 'CompanyName', 'coolcoder613', '--set-version-string', 'FileDescription', '1-2-3 sound effects', '--set-version-string', 'FileVersion', '0.0.1', '--set-version-string', 'InternalName', 'onetwothreesoundeffects', '--set-version-string', 'OriginalFilename', '1-2-3 sound effects.exe', '--set-version-string', 'ProductName', '1-2-3 sound effects', '--set-version-string', 'ProductVersion', '0.0.1', '--set-icon', 'icon.ico']' returned non-zero exit status 1.

The above exception was the direct cause of the following exception:

┌─────────────────────────────────────────────────────────────────────── Traceback (most recent call last) ────────────────────────────────────────────────────────────────────────┐
│ C:\Users\tzema\AppData\Roaming\Python\Python310\site-packages\briefcase\__main__.py:15 in main                                                                                   │
│                                                                                                                                                                                  │
│   12 │   │   command, options = parse_cmdline(sys.argv[1:])                                                                                                                      │
│   13 │   │   command.check_obsolete_data_dir()                                                                                                                                   │
│   14 │   │   command.parse_config("pyproject.toml")                                                                                                                              │
│ > 15 │   │   command(**options)                                                                                                                                                  │
│   16 │   │   result = 0                                                                                                                                                          │
│   17 │   except HelpText as e:                                                                                                                                                   │
│   18 │   │   log.info()                                                                                                                                                          │
│                                                                                                                                                                                  │
│ ┌─────────────────────────────────────────────── locals ───────────────────────────────────────────────┐                                                                         │
│ │ command = <briefcase.platforms.windows.app.WindowsAppBuildCommand object at 0x000002F3E1DEFBE0>      │                                                                         │
│ │       e = BriefcaseCommandError('Unable to update details on stub app for onetwothreesoundeffects.') │                                                                         │
│ │     log = <briefcase.console.Log object at 0x000002F3DFB8DD80>                                       │                                                                         │
│ │ options = {'update': False}                                                                          │                                                                         │
│ │  result = 200                                                                                        │                                                                         │
│ └──────────────────────────────────────────────────────────────────────────────────────────────────────┘                                                                         │
│                                                                                                                                                                                  │
│ C:\Users\tzema\AppData\Roaming\Python\Python310\site-packages\briefcase\commands\build.py:58 in __call__                                                                         │
│                                                                                                                                                                                  │
│   55 │   │   else:                                                                                                                                                               │
│   56 │   │   │   state = None                                                                                                                                                    │
│   57 │   │   │   for app_name, app in sorted(self.apps.items()):                                                                                                                 │
│ > 58 │   │   │   │   state = self._build_app(                                                                                                                                    │
│   59 │   │   │   │   │   app, update=update, **full_options(state, options)                                                                                                      │
│   60 │   │   │   │   )                                                                                                                                                           │
│   61                                                                                                                                                                             │
│                                                                                                                                                                                  │
│ ┌───────────────────────────────────────────── locals ─────────────────────────────────────────────┐                                                                             │
│ │      app = <com.example.onetwothreesoundeffects v0.0.1 AppConfig>                                │                                                                             │
│ │ app_name = 'onetwothreesoundeffects'                                                             │                                                                             │
│ │  options = {}                                                                                    │                                                                             │
│ │     self = <briefcase.platforms.windows.app.WindowsAppBuildCommand object at 0x000002F3E1DEFBE0> │                                                                             │
│ │    state = None                                                                                  │                                                                             │
│ │   update = False                                                                                 │                                                                             │
│ └──────────────────────────────────────────────────────────────────────────────────────────────────┘                                                                             │
│                                                                                                                                                                                  │
│ C:\Users\tzema\AppData\Roaming\Python\Python310\site-packages\briefcase\commands\build.py:39 in _build_app                                                                       │
│                                                                                                                                                                                  │
│   36 │   │   else:                                                                                                                                                               │
│   37 │   │   │   state = None                                                                                                                                                    │
│   38 │   │                                                                                                                                                                       │
│ > 39 │   │   state = self.build_app(app, **full_options(state, options))                                                                                                         │
│   40 │   │                                                                                                                                                                       │
│   41 │   │   self.logger.info(                                                                                                                                                   │
│   42 │   │   │   f"Built {self.binary_path(app).relative_to(self.base_path)}",                                                                                                   │
│                                                                                                                                                                                  │
│ ┌───────────────────────────────────────────────────────────────── locals ─────────────────────────────────────────────────────────────────┐                                     │
│ │         app = <com.example.onetwothreesoundeffects v0.0.1 AppConfig>                                                                     │                                     │
│ │     options = {}                                                                                                                         │                                     │
│ │        self = <briefcase.platforms.windows.app.WindowsAppBuildCommand object at 0x000002F3E1DEFBE0>                                      │                                     │
│ │       state = None                                                                                                                       │                                     │
│ │ target_file = WindowsPath('C:/Users/tzema/Documents/GitHub/1-2-3-sound-effects/onetwothreesoundeffects/windows/app/1-2-3 sound effects') │                                     │
│ │      update = False                                                                                                                      │                                     │
│ └──────────────────────────────────────────────────────────────────────────────────────────────────────────────────────────────────────────┘                                     │
│                                                                                                                                                                                  │
│ C:\Users\tzema\AppData\Roaming\Python\Python310\site-packages\briefcase\platforms\windows\app.py:80 in build_app                                                                 │
│                                                                                                                                                                                  │
│    77 │   │   │   │   │   cwd=self.bundle_path(app),                                                                                                                             │
│    78 │   │   │   │   )                                                                                                                                                          │
│    79 │   │   │   except subprocess.CalledProcessError as e:                                                                                                                     │
│ >  80 │   │   │   │   raise BriefcaseCommandError(                                                                                                                               │
│    81 │   │   │   │   │   f"Unable to update details on stub app for {app.app_name}."                                                                                            │
│    82 │   │   │   │   ) from e                                                                                                                                                   │
│    83                                                                                                                                                                            │
│                                                                                                                                                                                  │
│ ┌──────────────────────────────────────────── locals ────────────────────────────────────────────┐                                                                               │
│ │    app = <com.example.onetwothreesoundeffects v0.0.1 AppConfig>                                │                                                                               │
│ │ kwargs = {}                                                                                    │                                                                               │
│ │   self = <briefcase.platforms.windows.app.WindowsAppBuildCommand object at 0x000002F3E1DEFBE0> │                                                                               │
│ └────────────────────────────────────────────────────────────────────────────────────────────────┘                                                                               │
└──────────────────────────────────────────────────────────────────────────────────────────────────────────────────────────────────────────────────────────────────────────────────┘
BriefcaseCommandError: Unable to update details on stub app for onetwothreesoundeffects.
