Date/Time:       2022-09-29 11:48:29 
Command line:    C:\Users\tzema\AppData\Roaming\Python\Python310\Scripts\briefcase build

OS Release:      Windows 10
OS Version:      10.0.18363
Architecture:    AMD64
Platform:        Windows-10-10.0.18363-SP0

Python exe:      C:\Program Files\Python310\python.exe
Python version:  3.10.5 (tags/v3.10.5:f377153, Jun  6 2022, 16:14:13) [MSC v.1929 64 bit (AMD64)]
Virtual env:     False
Conda env:       False

Briefcase:       0.3.9
Target platform: windows
Target format:   app

Environment Variables:
    ALLUSERSPROFILE=C:\ProgramData
    APPDATA=C:\Users\tzema\AppData\Roaming
    CHOCOLATEYINSTALL=C:\ProgramData\chocolatey
    CHOCOLATEYLASTPATHUPDATE=133022356521885653
    COMMONPROGRAMFILES=C:\Program Files\Common Files
    COMMONPROGRAMFILES(X86)=C:\Program Files (x86)\Common Files
    COMMONPROGRAMW6432=C:\Program Files\Common Files
    COMPUTERNAME=LAPTOP-T-D-613
    COMSPEC=C:\Windows\system32\cmd.exe
    DRIVERDATA=C:\Windows\System32\Drivers\DriverData
    HOMEDRIVE=C:
    HOMEPATH=\Users\tzema
    JAVA_HOME=C:\Program Files\Android\jdk\jdk-8.0.302.8-hotspot\jdk8u302-b08
    LOCALAPPDATA=C:\Users\tzema\AppData\Local
    LOGONSERVER=\\LAPTOP-T-D-613
    NUMBER_OF_PROCESSORS=8
    ONEDRIVE=C:\Users\tzema\OneDrive
    ONEDRIVECONSUMER=C:\Users\tzema\OneDrive
    OS=Windows_NT
    PATH=C:\Program Files\Python310\Scripts\;C:\Program Files\Python310\;C:\Program Files (x86)\Common Files\Oracle\Java\javapath;C:\Program Files\Microsoft\jdk-11.0.12.7-hotspot\bin;C:\Windows\system32;C:\Windows;C:\Windows\System32\Wbem;C:\Windows\System32\WindowsPowerShell\v1.0\;C:\Windows\System32\OpenSSH\;C:\Program Files\Intel\WiFi\bin\;C:\Program Files\Common Files\Intel\WirelessCommon\;C:\Program Files\dotnet\;C:\Program Files (x86)\Windows Kits\10\Windows Performance Toolkit\;C:\Program Files (x86)\IncrediBuild;C:\Program Files\Java\jdk-18.0.1.1\bin\javac;C:\Program Files\Java\jdk-18.0.1.1\bin\jar;C:\Users\tzema\Downloads\itch-plan-install\itch-plan-install\vendor\;C:\ProgramData\chocolatey\bin;C:\Users\tzema\AppData\Local\Vbsedit\x64;C:\Program Files\Microsoft SQL Server\150\Tools\Binn\;C:\Program Files\Microsoft SQL Server\Client SDK\ODBC\170\Tools\Binn\;C:\Users\tzema\AppData\Roaming\Python\Python310\Scripts;C:\Program Files\CMake\bin;C:\Program Files\Git\cmd;C:\Users\tzema\AppData\Local\Programs\Python\Python310\Scripts\;C:\Users\tzema\AppData\Local\Programs\Python\Python310\;C:\Users\tzema\AppData\Local\Microsoft\WindowsApps;C:\Users\tzema\.dotnet\tools;C:\Program Files\JetBrains\PyCharm Community Edition 2022.1\bin;;C:\Users\tzema\AppData\Local\GitHubDesktop\bin;C:\ProgramData\tzema\GitHubDesktop\bin
    PATHEXT=.COM;.EXE;.BAT;.CMD;.VBS;.VBE;.JS;.JSE;.WSF;.WSH;.MSC;.PY;.PYW
    PROCESSOR_ARCHITECTURE=AMD64
    PROCESSOR_IDENTIFIER=Intel64 Family 6 Model 142 Stepping 12, GenuineIntel
    PROCESSOR_LEVEL=6
    PROCESSOR_REVISION=8e0c
    PROGRAMDATA=C:\ProgramData
    PROGRAMFILES=C:\Program Files
    PROGRAMFILES(X86)=C:\Program Files (x86)
    PROGRAMW6432=C:\Program Files
    PROMPT=$P$G
    PSMODULEPATH=C:\Program Files\WindowsPowerShell\Modules;C:\Windows\system32\WindowsPowerShell\v1.0\Modules
    PUBLIC=C:\Users\Public
    PYCHARM COMMUNITY EDITION=C:\Program Files\JetBrains\PyCharm Community Edition 2022.1\bin;
    SESSIONNAME=Console
    SYSTEMDRIVE=C:
    SYSTEMROOT=C:\Windows
    TEMP=C:\Users\tzema\AppData\Local\Temp
    TMP=C:\Users\tzema\AppData\Local\Temp
    USERDOMAIN=LAPTOP-T-D-613
    USERDOMAIN_ROAMINGPROFILE=LAPTOP-T-D-613
    USERNAME=tzema
    USERPROFILE=C:\Users\tzema
    WINDIR=C:\Windows
    ZES_ENABLE_SYSMAN=1

Briefcase Log:
[11:48:29]                                                                                                                                                             create.py:673
           [onetwothreesoundeffects] Generating application template...                                                                                                create.py:673

┌─────────────────────────────────────────────────────────────────────── Traceback (most recent call last) ────────────────────────────────────────────────────────────────────────┐
│ C:\Users\tzema\AppData\Roaming\Python\Python310\site-packages\briefcase\__main__.py:15 in main                                                                                   │
│                                                                                                                                                                                  │
│   12 │   │   command, options = parse_cmdline(sys.argv[1:])                                                                                                                      │
│   13 │   │   command.check_obsolete_data_dir()                                                                                                                                   │
│   14 │   │   command.parse_config("pyproject.toml")                                                                                                                              │
│ > 15 │   │   command(**options)                                                                                                                                                  │
│   16 │   │   result = 0                                                                                                                                                          │
│   17 │   except HelpText as e:                                                                                                                                                   │
│   18 │   │   log.info()                                                                                                                                                          │
│                                                                                                                                                                                  │
│ ┌──────────────────────────────────────────── locals ─────────────────────────────────────────────┐                                                                              │
│ │ command = <briefcase.platforms.windows.app.WindowsAppBuildCommand object at 0x0000016BBC1A6DA0> │                                                                              │
│ │     log = <briefcase.console.Log object at 0x0000016BB9F0DD80>                                  │                                                                              │
│ │ options = {'update': False}                                                                     │                                                                              │
│ └─────────────────────────────────────────────────────────────────────────────────────────────────┘                                                                              │
│                                                                                                                                                                                  │
│ C:\Users\tzema\AppData\Roaming\Python\Python310\site-packages\briefcase\commands\build.py:58 in __call__                                                                         │
│                                                                                                                                                                                  │
│   55 │   │   else:                                                                                                                                                               │
│   56 │   │   │   state = None                                                                                                                                                    │
│   57 │   │   │   for app_name, app in sorted(self.apps.items()):                                                                                                                 │
│ > 58 │   │   │   │   state = self._build_app(                                                                                                                                    │
│   59 │   │   │   │   │   app, update=update, **full_options(state, options)                                                                                                      │
│   60 │   │   │   │   )                                                                                                                                                           │
│   61                                                                                                                                                                             │
│                                                                                                                                                                                  │
│ ┌───────────────────────────────────────────── locals ─────────────────────────────────────────────┐                                                                             │
│ │      app = <com.example.onetwothreesoundeffects v0.0.1 AppConfig>                                │                                                                             │
│ │ app_name = 'onetwothreesoundeffects'                                                             │                                                                             │
│ │  options = {}                                                                                    │                                                                             │
│ │     self = <briefcase.platforms.windows.app.WindowsAppBuildCommand object at 0x0000016BBC1A6DA0> │                                                                             │
│ │    state = None                                                                                  │                                                                             │
│ │   update = False                                                                                 │                                                                             │
│ └──────────────────────────────────────────────────────────────────────────────────────────────────┘                                                                             │
│                                                                                                                                                                                  │
│ C:\Users\tzema\AppData\Roaming\Python\Python310\site-packages\briefcase\commands\build.py:33 in _build_app                                                                       │
│                                                                                                                                                                                  │
│   30 │   │   """                                                                                                                                                                 │
│   31 │   │   target_file = self.bundle_path(app)                                                                                                                                 │
│   32 │   │   if not target_file.exists():                                                                                                                                        │
│ > 33 │   │   │   state = self.create_command(app, **options)                                                                                                                     │
│   34 │   │   elif update:                                                                                                                                                        │
│   35 │   │   │   state = self.update_command(app, **options)                                                                                                                     │
│   36 │   │   else:                                                                                                                                                               │
│                                                                                                                                                                                  │
│ ┌───────────────────────────────────────────────────────────────── locals ─────────────────────────────────────────────────────────────────┐                                     │
│ │         app = <com.example.onetwothreesoundeffects v0.0.1 AppConfig>                                                                     │                                     │
│ │     options = {}                                                                                                                         │                                     │
│ │        self = <briefcase.platforms.windows.app.WindowsAppBuildCommand object at 0x0000016BBC1A6DA0>                                      │                                     │
│ │ target_file = WindowsPath('C:/Users/tzema/Documents/GitHub/1-2-3-sound-effects/onetwothreesoundeffects/windows/app/1-2-3 sound effects') │                                     │
│ │      update = False                                                                                                                      │                                     │
│ └──────────────────────────────────────────────────────────────────────────────────────────────────────────────────────────────────────────┘                                     │
│                                                                                                                                                                                  │
│ C:\Users\tzema\AppData\Roaming\Python\Python310\site-packages\briefcase\commands\create.py:706 in __call__                                                                       │
│                                                                                                                                                                                  │
│   703 │   │   self.verify_tools()                                                                                                                                                │
│   704 │   │                                                                                                                                                                      │
│   705 │   │   if app:                                                                                                                                                            │
│ > 706 │   │   │   state = self.create_app(app, **options)                                                                                                                        │
│   707 │   │   else:                                                                                                                                                              │
│   708 │   │   │   state = None                                                                                                                                                   │
│   709 │   │   │   for app_name, app in sorted(self.apps.items()):                                                                                                                │
│                                                                                                                                                                                  │
│ ┌───────────────────────────────────────────── locals ─────────────────────────────────────────────┐                                                                             │
│ │     app = <com.example.onetwothreesoundeffects v0.0.1 AppConfig>                                 │                                                                             │
│ │ options = {}                                                                                     │                                                                             │
│ │    self = <briefcase.platforms.windows.app.WindowsAppCreateCommand object at 0x0000016BBC259270> │                                                                             │
│ └──────────────────────────────────────────────────────────────────────────────────────────────────┘                                                                             │
│                                                                                                                                                                                  │
│ C:\Users\tzema\AppData\Roaming\Python\Python310\site-packages\briefcase\commands\create.py:674 in create_app                                                                     │
│                                                                                                                                                                                  │
│   671 │   │   │   self.shutil.rmtree(bundle_path)                                                                                                                                │
│   672 │   │                                                                                                                                                                      │
│   673 │   │   self.logger.info("Generating application template...", prefix=app.app_name)                                                                                        │
│ > 674 │   │   self.generate_app_template(app=app)                                                                                                                                │
│   675 │   │                                                                                                                                                                      │
│   676 │   │   self.logger.info("Installing support package...", prefix=app.app_name)                                                                                             │
│   677 │   │   self.install_app_support_package(app=app)                                                                                                                          │
│                                                                                                                                                                                  │
│ ┌───────────────────────────────────────────────────────────────── locals ─────────────────────────────────────────────────────────────────┐                                     │
│ │         app = <com.example.onetwothreesoundeffects v0.0.1 AppConfig>                                                                     │                                     │
│ │ bundle_path = WindowsPath('C:/Users/tzema/Documents/GitHub/1-2-3-sound-effects/onetwothreesoundeffects/windows/app/1-2-3 sound effects') │                                     │
│ │     options = {}                                                                                                                         │                                     │
│ │        self = <briefcase.platforms.windows.app.WindowsAppCreateCommand object at 0x0000016BBC259270>                                     │                                     │
│ └──────────────────────────────────────────────────────────────────────────────────────────────────────────────────────────────────────────┘                                     │
│                                                                                                                                                                                  │
│ C:\Users\tzema\AppData\Roaming\Python\Python310\site-packages\briefcase\commands\create.py:247 in generate_app_template                                                          │
│                                                                                                                                                                                  │
│   244 │   │   │   app.template = self.app_template_url                                                                                                                           │
│   245 │   │   if app.template_branch is None:                                                                                                                                    │
│   246 │   │   │   app.template_branch = self.python_version_tag                                                                                                                  │
│ > 247 │   │   print(app_template_url)                                                                                                                                            │
│   248 │   │   self.logger.info(                                                                                                                                                  │
│   249 │   │   │   f"Using app template: {app.template}, branch {app.template_branch}"                                                                                            │
│   250 │   │   )                                                                                                                                                                  │
│                                                                                                                                                                                  │
│ ┌─────────────────────────────────────────── locals ────────────────────────────────────────────┐                                                                                │
│ │  app = <com.example.onetwothreesoundeffects v0.0.1 AppConfig>                                 │                                                                                │
│ │ self = <briefcase.platforms.windows.app.WindowsAppCreateCommand object at 0x0000016BBC259270> │                                                                                │
│ └───────────────────────────────────────────────────────────────────────────────────────────────┘                                                                                │
└──────────────────────────────────────────────────────────────────────────────────────────────────────────────────────────────────────────────────────────────────────────────────┘
NameError: name 'app_template_url' is not defined
