Date/Time:       2022-09-29 11:21:51 
Command line:    C:\Users\tzema\AppData\Roaming\Python\Python310\Scripts\briefcase create android

OS Release:      Windows 10
OS Version:      10.0.18363
Architecture:    AMD64
Platform:        Windows-10-10.0.18363-SP0

Python exe:      C:\Program Files\Python310\python.exe
Python version:  3.10.5 (tags/v3.10.5:f377153, Jun  6 2022, 16:14:13) [MSC v.1929 64 bit (AMD64)]
Virtual env:     False
Conda env:       False

Briefcase:       0.3.9
Target platform: android
Target format:   gradle

Environment Variables:
    ALLUSERSPROFILE=C:\ProgramData
    APPDATA=C:\Users\tzema\AppData\Roaming
    CHOCOLATEYINSTALL=C:\ProgramData\chocolatey
    CHOCOLATEYLASTPATHUPDATE=133022356521885653
    COMMONPROGRAMFILES=C:\Program Files\Common Files
    COMMONPROGRAMFILES(X86)=C:\Program Files (x86)\Common Files
    COMMONPROGRAMW6432=C:\Program Files\Common Files
    COMPUTERNAME=LAPTOP-T-D-613
    COMSPEC=C:\Windows\system32\cmd.exe
    DRIVERDATA=C:\Windows\System32\Drivers\DriverData
    HOMEDRIVE=C:
    HOMEPATH=\Users\tzema
    JAVA_HOME=C:\Program Files\Android\jdk\jdk-8.0.302.8-hotspot\jdk8u302-b08
    LOCALAPPDATA=C:\Users\tzema\AppData\Local
    LOGONSERVER=\\LAPTOP-T-D-613
    NUMBER_OF_PROCESSORS=8
    ONEDRIVE=C:\Users\tzema\OneDrive
    ONEDRIVECONSUMER=C:\Users\tzema\OneDrive
    OS=Windows_NT
    PATH=C:\Program Files\Python310\Scripts\;C:\Program Files\Python310\;C:\Program Files (x86)\Common Files\Oracle\Java\javapath;C:\Program Files\Microsoft\jdk-11.0.12.7-hotspot\bin;C:\Windows\system32;C:\Windows;C:\Windows\System32\Wbem;C:\Windows\System32\WindowsPowerShell\v1.0\;C:\Windows\System32\OpenSSH\;C:\Program Files\Intel\WiFi\bin\;C:\Program Files\Common Files\Intel\WirelessCommon\;C:\Program Files\dotnet\;C:\Program Files (x86)\Windows Kits\10\Windows Performance Toolkit\;C:\Program Files (x86)\IncrediBuild;C:\Program Files\Java\jdk-18.0.1.1\bin\javac;C:\Program Files\Java\jdk-18.0.1.1\bin\jar;C:\Users\tzema\Downloads\itch-plan-install\itch-plan-install\vendor\;C:\ProgramData\chocolatey\bin;C:\Users\tzema\AppData\Local\Vbsedit\x64;C:\Program Files\Microsoft SQL Server\150\Tools\Binn\;C:\Program Files\Microsoft SQL Server\Client SDK\ODBC\170\Tools\Binn\;C:\Users\tzema\AppData\Roaming\Python\Python310\Scripts;C:\Program Files\CMake\bin;C:\Program Files\Git\cmd;C:\Users\tzema\AppData\Local\Programs\Python\Python310\Scripts\;C:\Users\tzema\AppData\Local\Programs\Python\Python310\;C:\Users\tzema\AppData\Local\Microsoft\WindowsApps;C:\Users\tzema\.dotnet\tools;C:\Program Files\JetBrains\PyCharm Community Edition 2022.1\bin;;C:\Users\tzema\AppData\Local\GitHubDesktop\bin;C:\ProgramData\tzema\GitHubDesktop\bin
    PATHEXT=.COM;.EXE;.BAT;.CMD;.VBS;.VBE;.JS;.JSE;.WSF;.WSH;.MSC;.PY;.PYW
    PROCESSOR_ARCHITECTURE=AMD64
    PROCESSOR_IDENTIFIER=Intel64 Family 6 Model 142 Stepping 12, GenuineIntel
    PROCESSOR_LEVEL=6
    PROCESSOR_REVISION=8e0c
    PROGRAMDATA=C:\ProgramData
    PROGRAMFILES=C:\Program Files
    PROGRAMFILES(X86)=C:\Program Files (x86)
    PROGRAMW6432=C:\Program Files
    PROMPT=$P$G
    PSMODULEPATH=C:\Program Files\WindowsPowerShell\Modules;C:\Windows\system32\WindowsPowerShell\v1.0\Modules
    PUBLIC=C:\Users\Public
    PYCHARM COMMUNITY EDITION=C:\Program Files\JetBrains\PyCharm Community Edition 2022.1\bin;
    SESSIONNAME=Console
    SYSTEMDRIVE=C:
    SYSTEMROOT=C:\Windows
    TEMP=C:\Users\tzema\AppData\Local\Temp
    TMP=C:\Users\tzema\AppData\Local\Temp
    USERDOMAIN=LAPTOP-T-D-613
    USERDOMAIN_ROAMINGPROFILE=LAPTOP-T-D-613
    USERNAME=tzema
    USERPROFILE=C:\Users\tzema
    WINDIR=C:\Windows
    ZES_ENABLE_SYSMAN=1

Briefcase Log:
[11:21:33]                                                                                                                                                         subprocess.py:442
           >>> Running Command:                                                                                                                                    subprocess.py:443
           >>>     'C:\Program Files\Android\jdk\jdk-8.0.302.8-hotspot\jdk8u302-b08\bin\javac' -version                                                            subprocess.py:444
           >>> Working Directory:                                                                                                                                  subprocess.py:451
           >>>     C:\Users\tzema\Documents\GitHub\1-2-3-sound-effects\onetwothreesoundeffects                                                                     subprocess.py:452
           >>> Command Output:                                                                                                                                     subprocess.py:468
           >>>     javac 1.8.0_302                                                                                                                                 subprocess.py:470
           >>> Return code: 0                                                                                                                                      subprocess.py:479
                                                                                                                                                                  android_sdk.py:372
           The Android tools provided by Google have license terms that you must accept                                                                           android_sdk.py:372
           before you may use those tools.                                                                                                                        android_sdk.py:372
                                                                                                                                                                   subprocess.py:442
           >>> Running Command:                                                                                                                                    subprocess.py:443
           >>>     'C:\Users\tzema\AppData\Local\BeeWare\briefcase\Cache\tools\android_sdk\cmdline-tools\latest\bin\sdkmanager.bat' --licenses                     subprocess.py:444
           >>> Working Directory:                                                                                                                                  subprocess.py:451
           >>>     C:\Users\tzema\Documents\GitHub\1-2-3-sound-effects\onetwothreesoundeffects                                                                     subprocess.py:452
           >>> Environment Overrides:                                                                                                                              subprocess.py:461
           >>>     ANDROID_SDK_ROOT=C:\Users\tzema\AppData\Local\BeeWare\briefcase\Cache\tools\android_sdk                                                         subprocess.py:463
           >>>     JAVA_HOME=C:\Program Files\Android\jdk\jdk-8.0.302.8-hotspot\jdk8u302-b08                                                                       subprocess.py:463
[11:21:51] >>> Return code: 0                                                                                                                                      subprocess.py:479
                                                                                                                                                                      __main__.py:22
           You did not accept the Android SDK licenses. Please re-run the briefcase command                                                                           __main__.py:23
           and accept the Android SDK license when prompted. You may need an Internet                                                                                 __main__.py:23
           connection.                                                                                                                                                __main__.py:23

┌─────────────────────────────────────────────────────────────────────── Traceback (most recent call last) ────────────────────────────────────────────────────────────────────────┐
│ C:\Users\tzema\AppData\Roaming\Python\Python310\site-packages\briefcase\__main__.py:15 in main                                                                                   │
│                                                                                                                                                                                  │
│   12 │   │   command, options = parse_cmdline(sys.argv[1:])                                                                                                                      │
│   13 │   │   command.check_obsolete_data_dir()                                                                                                                                   │
│   14 │   │   command.parse_config("pyproject.toml")                                                                                                                              │
│ > 15 │   │   command(**options)                                                                                                                                                  │
│   16 │   │   result = 0                                                                                                                                                          │
│   17 │   except HelpText as e:                                                                                                                                                   │
│   18 │   │   log.info()                                                                                                                                                          │
│                                                                                                                                                                                  │
│ ┌─────────────────────────────────────────────────────────────────────────────────── locals ───────────────────────────────────────────────────────────────────────────────────┐ │
│ │ command = <briefcase.platforms.android.gradle.GradleCreateCommand object at 0x000001733171FB80>                                                                              │ │
│ │       e = BriefcaseCommandError('You did not accept the Android SDK licenses. Please re-run the briefcase command\nand accept the Android SDK license when prompted. You may │ │
│ │           need an Internet\nconnection.\n')                                                                                                                                  │ │
│ │     log = <briefcase.console.Log object at 0x000001732F43DD80>                                                                                                               │ │
│ │ options = {}                                                                                                                                                                 │ │
│ │  result = 200                                                                                                                                                                │ │
│ └──────────────────────────────────────────────────────────────────────────────────────────────────────────────────────────────────────────────────────────────────────────────┘ │
│                                                                                                                                                                                  │
│ C:\Users\tzema\AppData\Roaming\Python\Python310\site-packages\briefcase\commands\create.py:702 in __call__                                                                       │
│                                                                                                                                                                                  │
│   699 │                                                                                                                                                                          │
│   700 │   def __call__(self, app: Optional[BaseConfig] = None, **options):                                                                                                       │
│   701 │   │   # Confirm all required tools are available                                                                                                                         │
│ > 702 │   │   self.verify_tools()                                                                                                                                                │
│   703 │   │                                                                                                                                                                      │
│   704 │   │   if app:                                                                                                                                                            │
│   705 │   │   │   state = self.create_app(app, **options)                                                                                                                        │
│                                                                                                                                                                                  │
│ ┌──────────────────────────────────────────── locals ─────────────────────────────────────────────┐                                                                              │
│ │     app = None                                                                                  │                                                                              │
│ │ options = {}                                                                                    │                                                                              │
│ │    self = <briefcase.platforms.android.gradle.GradleCreateCommand object at 0x000001733171FB80> │                                                                              │
│ └─────────────────────────────────────────────────────────────────────────────────────────────────┘                                                                              │
│                                                                                                                                                                                  │
│ C:\Users\tzema\AppData\Roaming\Python\Python310\site-packages\briefcase\platforms\android\gradle.py:92 in verify_tools                                                           │
│                                                                                                                                                                                  │
│    89 │   │   """Verify that the Android APK tools in `briefcase` will operate on                                                                                                │
│    90 │   │   this system, downloading tools as needed."""                                                                                                                       │
│    91 │   │   super().verify_tools()                                                                                                                                             │
│ >  92 │   │   self.android_sdk = AndroidSDK.verify(self)                                                                                                                         │
│    93                                                                                                                                                                            │
│    94                                                                                                                                                                            │
│    95 class GradleCreateCommand(GradleMixin, CreateCommand):                                                                                                                     │
│                                                                                                                                                                                  │
│ ┌───────────────────────────────────────────── locals ──────────────────────────────────────────────┐                                                                            │
│ │ __class__ = <class 'briefcase.platforms.android.gradle.GradleMixin'>                              │                                                                            │
│ │      self = <briefcase.platforms.android.gradle.GradleCreateCommand object at 0x000001733171FB80> │                                                                            │
│ └───────────────────────────────────────────────────────────────────────────────────────────────────┘                                                                            │
│                                                                                                                                                                                  │
│ C:\Users\tzema\AppData\Roaming\Python\Python310\site-packages\briefcase\integrations\android_sdk.py:199 in verify                                                                │
│                                                                                                                                                                                  │
│    196 │   │   │                                                                                                                                                                 │
│    197 │   │   │   # The sdkmanager binary exists in the `latest` location, and is executable.                                                                                   │
│    198 │   │   │   # Ensure licenses have been accepted                                                                                                                          │
│ >  199 │   │   │   sdk.verify_license()                                                                                                                                          │
│    200 │   │   │   sdk.list_packages()                                                                                                                                           │
│    201 │   │   │                                                                                                                                                                 │
│    202 │   │   │   return sdk                                                                                                                                                    │
│                                                                                                                                                                                  │
│ ┌─────────────────────────────────────────────── locals ────────────────────────────────────────────────┐                                                                        │
│ │           cls = <class 'briefcase.integrations.android_sdk.AndroidSDK'>                               │                                                                        │
│ │       command = <briefcase.platforms.android.gradle.GradleCreateCommand object at 0x000001733171FB80> │                                                                        │
│ │       install = True                                                                                  │                                                                        │
│ │           jdk = <briefcase.integrations.java.JDK object at 0x000001733196D7E0>                        │                                                                        │
│ │           sdk = <briefcase.integrations.android_sdk.AndroidSDK object at 0x000001733196D480>          │                                                                        │
│ │      sdk_root = None                                                                                  │                                                                        │
│ │ sdk_root_path = WindowsPath('C:/Users/tzema/AppData/Local/BeeWare/briefcase/Cache/tools/android_sdk') │                                                                        │
│ └───────────────────────────────────────────────────────────────────────────────────────────────────────┘                                                                        │
│                                                                                                                                                                                  │
│ C:\Users\tzema\AppData\Roaming\Python\Python310\site-packages\briefcase\integrations\android_sdk.py:397 in verify_license                                                        │
│                                                                                                                                                                                  │
│    394 │   │   │   ) from e                                                                                                                                                      │
│    395 │   │                                                                                                                                                                     │
│    396 │   │   if not license_path.exists():                                                                                                                                     │
│ >  397 │   │   │   raise BriefcaseCommandError(                                                                                                                                  │
│    398 │   │   │   │   """\                                                                                                                                                      │
│    399 You did not accept the Android SDK licenses. Please re-run the briefcase command                                                                                          │
│    400 and accept the Android SDK license when prompted. You may need an Internet                                                                                                │
│                                                                                                                                                                                  │
│ ┌───────────────────────────────────────────────────────────── locals ──────────────────────────────────────────────────────────────┐                                            │
│ │ license_path = WindowsPath('C:/Users/tzema/AppData/Local/BeeWare/briefcase/Cache/tools/android_sdk/licenses/android-sdk-license') │                                            │
│ │         self = <briefcase.integrations.android_sdk.AndroidSDK object at 0x000001733196D480>                                       │                                            │
│ └───────────────────────────────────────────────────────────────────────────────────────────────────────────────────────────────────┘                                            │
└──────────────────────────────────────────────────────────────────────────────────────────────────────────────────────────────────────────────────────────────────────────────────┘
BriefcaseCommandError: You did not accept the Android SDK licenses. Please re-run the briefcase command
and accept the Android SDK license when prompted. You may need an Internet
connection.

